[2025-Mar-14 00:25:43.683 +04:00][14737:14737][info ] Logging initialized
[2025-Mar-14 00:25:43.683 +04:00][14737:14737][info ] Initializing krisp SDK...
[2025-Mar-14 00:25:43.683 +04:00][14737:14737][info ] DoKrispInitialize
[2025-Mar-14 00:25:44.133 +04:00][14737:14737][info ] LoadDynamicKrisp
[2025-Mar-14 00:25:44.133 +04:00][14737:14737][info ] Did not find KRISP_DYLIB_PATH, skipping dynamic loading
[2025-Mar-14 00:25:44.133 +04:00][14737:14737][info ] Initializing Krisp SDK in PID 14737, addr 0x7aa448d908f0
[2025-Mar-14 00:25:44.398 +04:00][14737:14737][info ] Initialized Krisp SDK successfully
[2025-Mar-14 00:25:44.398 +04:00][14737:14737][info ] Krisp SDK initialized
[2025-Mar-14 00:26:33.130 +04:00][15339:15339][info ] Logging initialized
[2025-Mar-14 00:26:33.131 +04:00][15339:15339][info ] Initializing krisp SDK...
[2025-Mar-14 00:26:33.131 +04:00][15339:15339][info ] DoKrispInitialize
[2025-Mar-14 00:26:33.573 +04:00][15339:15339][info ] LoadDynamicKrisp
[2025-Mar-14 00:26:33.573 +04:00][15339:15339][info ] Did not find KRISP_DYLIB_PATH, skipping dynamic loading
[2025-Mar-14 00:26:33.573 +04:00][15339:15339][info ] Initializing Krisp SDK in PID 15339, addr 0x70fb96b908f0
[2025-Mar-14 00:26:33.833 +04:00][15339:15339][info ] Initialized Krisp SDK successfully
[2025-Mar-14 00:26:33.833 +04:00][15339:15339][info ] Krisp SDK initialized
[2025-Mar-14 00:26:36.898 +04:00][15339:15339][info ] Logging initialized
[2025-Mar-14 00:26:36.898 +04:00][15339:15339][info ] Initializing krisp SDK...
[2025-Mar-14 00:26:36.898 +04:00][15339:15339][info ] Krisp SDK initialized
[2025-Mar-14 00:29:45.782 +04:00][15339:15507][info ] KrispNCSetup: sampleRate = 8000, duration = 10
[2025-Mar-14 00:29:45.782 +04:00][15339:15507][info ] Setting Krisp model: small_NC_8k
[2025-Mar-14 00:29:46.016 +04:00][15339:15507][info ] KrispNCReset
[2025-Mar-14 00:29:46.016 +04:00][15339:15507][info ] KrispNCSetup: sampleRate = 48000, duration = 10
[2025-Mar-14 00:29:46.016 +04:00][15339:15507][info ] Setting Krisp model: full_NC
[2025-Mar-14 00:29:46.043 +04:00][15339:15507][info ] KrispVADSetup: sampleRate = 48000, duration = 10
[2025-Mar-14 00:45:41.719 +04:00][16436:16436][info ] Logging initialized
[2025-Mar-14 00:45:41.719 +04:00][16436:16436][info ] Initializing krisp SDK...
[2025-Mar-14 00:45:41.719 +04:00][16436:16436][info ] DoKrispInitialize
[2025-Mar-14 00:45:42.261 +04:00][16436:16436][info ] LoadDynamicKrisp
[2025-Mar-14 00:45:42.261 +04:00][16436:16436][info ] Did not find KRISP_DYLIB_PATH, skipping dynamic loading
[2025-Mar-14 00:45:42.261 +04:00][16436:16436][info ] Initializing Krisp SDK in PID 16436, addr 0x7ced895908f0
[2025-Mar-14 00:45:42.542 +04:00][16436:16436][info ] Initialized Krisp SDK successfully
[2025-Mar-14 00:45:42.542 +04:00][16436:16436][info ] Krisp SDK initialized
[2025-Mar-14 00:45:53.504 +04:00][16436:16465][info ] KrispNCSetup: sampleRate = 48000, duration = 10
[2025-Mar-14 00:45:53.504 +04:00][16436:16465][info ] Setting Krisp model: full_NC
[2025-Mar-14 00:45:53.546 +04:00][16436:16465][info ] KrispVADSetup: sampleRate = 48000, duration = 10
[2025-Mar-14 01:35:14.885 +04:00][36932:36932][info ] Logging initialized
[2025-Mar-14 01:35:14.885 +04:00][36932:36932][info ] Initializing krisp SDK...
[2025-Mar-14 01:35:14.885 +04:00][36932:36932][info ] DoKrispInitialize
[2025-Mar-14 01:35:15.630 +04:00][36932:36932][info ] LoadDynamicKrisp
[2025-Mar-14 01:35:15.630 +04:00][36932:36932][info ] Did not find KRISP_DYLIB_PATH, skipping dynamic loading
[2025-Mar-14 01:35:15.630 +04:00][36932:36932][info ] Initializing Krisp SDK in PID 36932, addr 0x70e90a3908f0
[2025-Mar-14 01:35:16.094 +04:00][36932:36932][info ] Initialized Krisp SDK successfully
[2025-Mar-14 01:35:16.094 +04:00][36932:36932][info ] Krisp SDK initialized
[2025-Mar-14 01:35:25.236 +04:00][36932:36962][info ] KrispNCSetup: sampleRate = 48000, duration = 10
[2025-Mar-14 01:35:25.236 +04:00][36932:36962][info ] Setting Krisp model: full_NC
[2025-Mar-14 01:35:25.260 +04:00][36932:36962][info ] KrispVADSetup: sampleRate = 48000, duration = 10
[2025-Mar-14 04:31:04.650 +04:00][36932:36954][info ] KrispVADReset
